<?xml version="1.0" encoding="UTF-8" standalone="no"?>
<!DOCTYPE log SYSTEM "logger.dtd">
<log>
<record>
  <date>2019-08-26T16:14:57.334-0300</date>
  <logger>VICTOR PAZ DE FARIAS BRAGA</logger>
  <level>FINE</level>
  <message>File 117210688-VICTOR PAZ DE FARIAS BRAGA.zip was received. It was sent by VICTOR PAZ DE FARIAS BRAGA from IP 150.165.42.115 at 26-08-2019 16*14*57</message>
</record>
</log>
<?xml version="1.0" encoding="UTF-8" standalone="no"?>
<!DOCTYPE log SYSTEM "logger.dtd">
<log>
<record>
  <date>2019-08-26T16:46:27.641-0300</date>
  <logger>VICTOR PAZ DE FARIAS BRAGA</logger>
  <level>FINE</level>
  <message>File 117210688-VICTOR PAZ DE FARIAS BRAGA.zip was received. It was sent by VICTOR PAZ DE FARIAS BRAGA from IP 150.165.42.115 at 26-08-2019 16*46*27</message>
</record>
</log>
<?xml version="1.0" encoding="UTF-8" standalone="no"?>
<!DOCTYPE log SYSTEM "logger.dtd">
<log>
<record>
  <date>2019-08-26T16:47:47.845-0300</date>
  <logger>VICTOR PAZ DE FARIAS BRAGA</logger>
  <level>FINE</level>
  <message>File 117210688-VICTOR PAZ DE FARIAS BRAGA.zip was received. It was sent by VICTOR PAZ DE FARIAS BRAGA from IP 150.165.42.115 at 26-08-2019 16*47*47</message>
</record>
</log>
<?xml version="1.0" encoding="UTF-8" standalone="no"?>
<!DOCTYPE log SYSTEM "logger.dtd">
<log>
<record>
  <date>2019-08-26T17:00:22.426-0300</date>
  <logger>VICTOR PAZ DE FARIAS BRAGA</logger>
  <level>FINE</level>
  <message>File 117210688-VICTOR PAZ DE FARIAS BRAGA.zip was received. It was sent by VICTOR PAZ DE FARIAS BRAGA from IP 150.165.42.115 at 26-08-2019 17*00*22</message>
</record>
</log>
<?xml version="1.0" encoding="UTF-8" standalone="no"?>
<!DOCTYPE log SYSTEM "logger.dtd">
<log>
<record>
  <date>2019-08-26T23:27:13.465-0300</date>
  <logger>VICTOR PAZ DE FARIAS BRAGA</logger>
  <level>FINE</level>
  <message>File 117210688-VICTOR PAZ DE FARIAS BRAGA.zip was received. It was sent by VICTOR PAZ DE FARIAS BRAGA from IP 192.168.43.3 at 26-08-2019 23*27*13</message>
</record>
</log>
<?xml version="1.0" encoding="UTF-8" standalone="no"?>
<!DOCTYPE log SYSTEM "logger.dtd">
<log>
<record>
  <date>2019-08-26T23:27:16.571-0300</date>
  <logger>VICTOR PAZ DE FARIAS BRAGA</logger>
  <level>FINE</level>
  <message>File 117210688-VICTOR PAZ DE FARIAS BRAGA.zip was received. It was sent by VICTOR PAZ DE FARIAS BRAGA from IP 192.168.43.3 at 26-08-2019 23*27*16</message>
</record>
</log>
<?xml version="1.0" encoding="UTF-8" standalone="no"?>
<!DOCTYPE log SYSTEM "logger.dtd">
<log>
<record>
  <date>2019-08-28T00:51:32.638-0300</date>
  <logger>VICTOR PAZ DE FARIAS BRAGA</logger>
  <level>FINE</level>
  <message>File 117210688-VICTOR PAZ DE FARIAS BRAGA.zip was received. It was sent by VICTOR PAZ DE FARIAS BRAGA from IP 192.168.1.11 at 28-08-2019 00*51*32</message>
</record>
</log>
<?xml version="1.0" encoding="UTF-8" standalone="no"?>
<!DOCTYPE log SYSTEM "logger.dtd">
<log>
<record>
  <date>2019-08-28T00:55:35.854-0300</date>
  <logger>VICTOR PAZ DE FARIAS BRAGA</logger>
  <level>FINE</level>
  <message>File 117210688-VICTOR PAZ DE FARIAS BRAGA.zip was received. It was sent by VICTOR PAZ DE FARIAS BRAGA from IP 192.168.43.3 at 28-08-2019 00*55*35</message>
</record>
